<?xml version="1.0" encoding="UTF-8"?>
<!-- Generated by org.testng.reporters.JUnitXMLReporter -->
<testsuite ignored="0" hostname="DESKTOP-GT80QV6" failures="0" tests="15" name="Test" time="6.906" errors="0" timestamp="2021-10-29T01:34:14 IST">
  <testcase classname="test.DeleteRequests.DeleteRequestTest" name="verifyDeleteEndPoint" time="1.973"/>
  <testcase classname="test.GetRequests.GetResuestTests" name="getAlbumInvalid" time="0.282"/>
  <testcase classname="test.GetRequests.GetResuestTests" name="getAlbumTen" time="0.629"/>
  <testcase classname="test.GetRequests.GetResuestTests" name="getAllPost" time="0.332"/>
  <testcase classname="test.GetRequests.GetResuestTests" name="getCommentsUnderFirstPost" time="0.211"/>
  <testcase classname="test.GetRequests.GetResuestTests" name="getFirstPost" time="0.229"/>
  <testcase classname="test.GetRequests.GetResuestTests" name="getFirstPostComment" time="0.227"/>
  <testcase classname="test.GetRequests.GetResuestTests" name="getFirstPostCommentInvalid" time="0.195"/>
  <testcase classname="test.GetRequests.GetResuestTests" name="getInvalidComment" time="0.2"/>
  <testcase classname="test.GetRequests.GetResuestTests" name="getInvalidPost" time="0.19"/>
  <testcase classname="test.GetRequests.GetResuestTests" name="getVeriFyEmailForFifthID" time="0.223"/>
  <testcase classname="test.GetRequests.GetResuestTests" name="getVeriFyIDHundrade" time="0.247"/>
  <testcase classname="test.PatchRequests.PatchRequestTest" name="verifyPutEndPoint" time="0.649"/>
  <testcase classname="test.PostRequests.PostRequestTest" name="verifyPostEndPoint" time="0.627"/>
  <testcase classname="test.PutRequest.PutRequestTest" name="verifyPatchEndPoint" time="0.639"/>
</testsuite> <!-- Test -->
