<?xml version="1.0" encoding="UTF-8"?>
<!-- Generated by org.testng.reporters.JUnitXMLReporter -->
<testsuite ignored="0" hostname="DESKTOP-GT80QV6" failures="0" tests="4" name="Test" time="113.989" errors="0" timestamp="2021-10-26T09:57:09 IST">
  <testcase classname="Tests.Scenario_finalized_for_Automation_test.QA_click_jet_tests.NegativeTestBookFlightTest" name="NegativeTestSameDepAndArrivalLoc" time="5.627"/>
  <testcase classname="Tests.Scenario_finalized_for_Automation_test.Automationpractice_tests.RegisterToWebsiteTest" name="registration" time="8.233"/>
  <testcase classname="Tests.Scenario_finalized_for_Automation_test.Automationpractice_tests.LoginWebsiteTest" name="validLogin" time="49.779"/>
  <testcase classname="Tests.Scenario_finalized_for_Automation_test.Automationpractice_tests.NegativeAddToCartScenario" name="NegativeOrderPlace" time="22.759"/>
</testsuite> <!-- Test -->
