<?xml version="1.0" encoding="UTF-8"?>
<testng-results ignored="0" total="1" passed="1" failed="0" skipped="0">
  <reporter-output>
  </reporter-output>
  <suite started-at="2021-10-20T13:01:16 IST" name="Default suite" finished-at="2021-10-20T13:01:34 IST" duration-ms="18885">
    <groups>
    </groups>
    <test started-at="2021-10-20T13:01:16 IST" name="Default test" finished-at="2021-10-20T13:01:34 IST" duration-ms="18885">
      <class name="QuestionTwo.RegistrationPage">
        <test-method signature="testMethod()[pri:0, instance:QuestionTwo.RegistrationPage@96def03]" started-at="2021-10-20T13:01:16 IST" name="testMethod" finished-at="2021-10-20T13:01:34 IST" duration-ms="18863" status="PASS">
          <reporter-output>
          </reporter-output>
        </test-method> <!-- testMethod -->
      </class> <!-- QuestionTwo.RegistrationPage -->
    </test> <!-- Default test -->
  </suite> <!-- Default suite -->
</testng-results>
