<?xml version="1.0" encoding="UTF-8"?>
<testng-results ignored="0" total="1" passed="1" failed="0" skipped="0">
  <reporter-output>
  </reporter-output>
  <suite started-at="2021-10-18T23:02:29 IST" name="Default suite" finished-at="2021-10-18T23:02:36 IST" duration-ms="7770">
    <groups>
    </groups>
    <test started-at="2021-10-18T23:02:29 IST" name="Default test" finished-at="2021-10-18T23:02:36 IST" duration-ms="7770">
      <class name="SeventhQuestion.MyntraClass">
        <test-method signature="clockUrl()[pri:0, instance:SeventhQuestion.MyntraClass@96def03]" started-at="2021-10-18T23:02:29 IST" name="clockUrl" finished-at="2021-10-18T23:02:36 IST" duration-ms="7750" status="PASS">
          <reporter-output>
          </reporter-output>
        </test-method> <!-- clockUrl -->
      </class> <!-- SeventhQuestion.MyntraClass -->
    </test> <!-- Default test -->
  </suite> <!-- Default suite -->
</testng-results>
