<?xml version="1.0" encoding="UTF-8"?>
<testng-results ignored="0" total="1" passed="1" failed="0" skipped="0">
  <reporter-output>
  </reporter-output>
  <suite started-at="2021-10-17T22:53:03 IST" name="Default suite" finished-at="2021-10-17T22:53:19 IST" duration-ms="15545">
    <groups>
    </groups>
    <test started-at="2021-10-17T22:53:03 IST" name="Default test" finished-at="2021-10-17T22:53:19 IST" duration-ms="15545">
      <class name="AutomationPracticeReg">
        <test-method signature="VerifyRegistrationPage()[pri:0, instance:AutomationPracticeReg@49c386c8]" started-at="2021-10-17T22:53:03 IST" name="VerifyRegistrationPage" finished-at="2021-10-17T22:53:19 IST" duration-ms="15508" status="PASS">
          <reporter-output>
          </reporter-output>
        </test-method> <!-- VerifyRegistrationPage -->
      </class> <!-- AutomationPracticeReg -->
    </test> <!-- Default test -->
  </suite> <!-- Default suite -->
</testng-results>
